[ 50%] [32mBuilding CXX object CMakeFiles/hello_moveit.dir/src/hello_moveit.cpp.o[0m
[01m[K/home/UMRobotics/new_ws/src/hello_moveit/src/hello_moveit.cpp:[m[K In function â€˜[01m[Kint[01;32m[K main[m[K(int, char**)[m[Kâ€™:
[01m[K/home/UMRobotics/new_ws/src/hello_moveit/src/hello_moveit.cpp:113:35:[m[K [01;31m[Kerror: [m[Kâ€˜[01m[Kcurrent_state[m[Kâ€™ was not declared in this scope
  113 | std::cout << "Current state: " << [01;31m[Kcurrent_state[m[K->getRobotModel()->getName() << std::endl;
      |                                   [01;31m[K^~~~~~~~~~~~~[m[K
gmake[2]: *** [CMakeFiles/hello_moveit.dir/build.make:76: CMakeFiles/hello_moveit.dir/src/hello_moveit.cpp.o] Error 1
gmake[1]: *** [CMakeFiles/Makefile2:137: CMakeFiles/hello_moveit.dir/all] Error 2
gmake: *** [Makefile:146: all] Error 2
