[01m[K/home/UMRobotics/new_ws/src/hello_moveit/src/hello_moveit.cpp:[m[K In function â€˜[01m[Kint[01;32m[K main[m[K(int, char**)[m[Kâ€™:
[01m[K/home/UMRobotics/new_ws/src/hello_moveit/src/hello_moveit.cpp:133:47:[m[K [01;31m[Kerror: [m[Kâ€˜[01m[Kcontroller_manager_msgs[m[Kâ€™ was not declared in this scope; did you mean â€˜[01m[Kcontroller_manager[m[Kâ€™?
  133 | auto controller_manager = node->create_client<[01;31m[Kcontroller_manager_msgs[m[K::srv::SwitchController>(
      |                                               [01;31m[K^~~~~~~~~~~~~~~~~~~~~~~[m[K
      |                                               [32m[Kcontroller_manager[m[K
[01m[K/home/UMRobotics/new_ws/src/hello_moveit/src/hello_moveit.cpp:133:33:[m[K [01;31m[Kerror: [m[Kparse error in template argument list
  133 | auto controller_manager = node->[01;31m[Kcreate_client<controller_manager_msgs::srv::SwitchController>[m[K(
      |                                 [01;31m[K^~~~~~~~~~~~~~~~~~~~~~~~~~~~~~~~~~~~~~~~~~~~~~~~~~~~~~~~~~~~~[m[K
[01m[K/home/UMRobotics/new_ws/src/hello_moveit/src/hello_moveit.cpp:133:94:[m[K [01;31m[Kerror: [m[Kno matching function for call to â€˜[01m[Krclcpp::Node::create_client<<expression error> >(const char [38])[m[Kâ€™
  133 | auto controller_manager = [01;31m[Knode->create_client<controller_manager_msgs::srv::SwitchController>([m[K
      |                           [01;31m[K~~~~~~~~~~~~~~~~~~~~~~~~~~~~~~~~~~~~~~~~~~~~~~~~~~~~~~~~~~~~~~~~~~~^[m[K
  134 | [01;31m[K    "/controller_manager/switch_controller")[m[K;
      |     [01;31m[K~~~~~~~~~~~~~~~~~~~~~~~~~~~~~~~~~~~~~~~~[m[K                                                  
In file included from [01m[K/opt/ros/jazzy/include/rclcpp/rclcpp/executors/single_threaded_executor.hpp:28[m[K,
                 from [01m[K/opt/ros/jazzy/include/rclcpp/rclcpp/executors.hpp:22[m[K,
                 from [01m[K/opt/ros/jazzy/include/rclcpp/rclcpp/rclcpp.hpp:172[m[K,
                 from [01m[K/home/UMRobotics/new_ws/src/hello_moveit/src/hello_moveit.cpp:3[m[K:
[01m[K/opt/ros/jazzy/include/rclcpp/rclcpp/node.hpp:271:3:[m[K [01;36m[Knote: [m[Kcandidate: â€˜[01m[Ktemplate<class ServiceT> typename rclcpp::Client<ServiceT>::SharedPtr rclcpp::Node::[01;32m[Kcreate_client[m[K(const std::string&, const rmw_qos_profile_t&, rclcpp::CallbackGroup::SharedPtr)[m[Kâ€™
  271 |   [01;36m[Kcreate_client[m[K(
      |   [01;36m[K^~~~~~~~~~~~~[m[K
[01m[K/opt/ros/jazzy/include/rclcpp/rclcpp/node.hpp:271:3:[m[K [01;36m[Knote: [m[K  candidate expects 2 arguments, 1 provided
[01m[K/opt/ros/jazzy/include/rclcpp/rclcpp/node.hpp:285:3:[m[K [01;36m[Knote: [m[Kcandidate: â€˜[01m[Ktemplate<class ServiceT> typename rclcpp::Client<ServiceT>::SharedPtr rclcpp::Node::[01;32m[Kcreate_client[m[K(const std::string&, const rclcpp::QoS&, rclcpp::CallbackGroup::SharedPtr)[m[Kâ€™
  285 |   [01;36m[Kcreate_client[m[K(
      |   [01;36m[K^~~~~~~~~~~~~[m[K
[01m[K/opt/ros/jazzy/include/rclcpp/rclcpp/node.hpp:285:3:[m[K [01;36m[Knote: [m[K  template argument deduction/substitution failed:
[01m[K/home/UMRobotics/new_ws/src/hello_moveit/src/hello_moveit.cpp:133:94:[m[K [01;31m[Kerror: [m[Ktemplate argument 1 is invalid
  133 | auto controller_manager = [01;31m[Knode->create_client<controller_manager_msgs::srv::SwitchController>([m[K
      |                           [01;31m[K~~~~~~~~~~~~~~~~~~~~~~~~~~~~~~~~~~~~~~~~~~~~~~~~~~~~~~~~~~~~~~~~~~~^[m[K
  134 | [01;31m[K    "/controller_manager/switch_controller")[m[K;
      |     [01;31m[K~~~~~~~~~~~~~~~~~~~~~~~~~~~~~~~~~~~~~~~~[m[K                                                  
[01m[K/home/UMRobotics/new_ws/src/hello_moveit/src/hello_moveit.cpp:136:21:[m[K [01;31m[Kerror: [m[Kparse error in template argument list
  136 | auto request = std::[01;31m[Kmake_shared<controller_manager_msgs::srv::SwitchController::Request>[m[K();
      |                     [01;31m[K^~~~~~~~~~~~~~~~~~~~~~~~~~~~~~~~~~~~~~~~~~~~~~~~~~~~~~~~~~~~~~~~~~~~[m[K
[01m[K/home/UMRobotics/new_ws/src/hello_moveit/src/hello_moveit.cpp:136:89:[m[K [01;31m[Kerror: [m[Kno matching function for call to â€˜[01m[Kmake_shared<controller_manager_msgs>()[m[Kâ€™
  136 | auto request = [01;31m[Kstd::make_shared<controller_manager_msgs::srv::SwitchController::Request>()[m[K;
      |                [01;31m[K~~~~~~~~~~~~~~~~~~~~~~~~~~~~~~~~~~~~~~~~~~~~~~~~~~~~~~~~~~~~~~~~~~~~~~~~~^~[m[K
In file included from [01m[K/usr/include/c++/13/memory:80[m[K,
                 from [01m[K/home/UMRobotics/new_ws/src/hello_moveit/src/hello_moveit.cpp:1[m[K:
[01m[K/usr/include/c++/13/bits/shared_ptr.h:1005:5:[m[K [01;36m[Knote: [m[Kcandidate: â€˜[01m[Ktemplate<class _Tp, class ... _Args> std::shared_ptr<typename std::enable_if<(! std::is_array< <template-parameter-1-1> >::value), _Tp>::type> std::[01;32m[Kmake_shared[m[K(_Args&& ...)[m[Kâ€™
 1005 |     [01;36m[Kmake_shared[m[K(_Args&&... __args)
      |     [01;36m[K^~~~~~~~~~~[m[K
[01m[K/usr/include/c++/13/bits/shared_ptr.h:1005:5:[m[K [01;36m[Knote: [m[K  template argument deduction/substitution failed:
[01m[K/home/UMRobotics/new_ws/src/hello_moveit/src/hello_moveit.cpp:151:27:[m[K [01;31m[Kerror: [m[Kâ€˜[01m[Kclass moveit::planning_interface::MoveGroupInterface[m[Kâ€™ has no member named â€˜[01m[KgetControllerName[m[Kâ€™
  151 | if (!move_group_interface.[01;31m[KgetControllerName[m[K().empty()) {
      |                           [01;31m[K^~~~~~~~~~~~~~~~~[m[K
In file included from [01m[K/opt/ros/jazzy/include/rclcpp/rclcpp/logging.hpp:24[m[K,
                 from [01m[K/opt/ros/jazzy/include/rclcpp/rclcpp/copy_all_parameter_values.hpp:27[m[K,
                 from [01m[K/opt/ros/jazzy/include/rclcpp/rclcpp/rclcpp.hpp:171[m[K:
[01m[K/home/UMRobotics/new_ws/src/hello_moveit/src/hello_moveit.cpp:153:38:[m[K [01;31m[Kerror: [m[Kâ€˜[01m[Kclass moveit::planning_interface::MoveGroupInterface[m[Kâ€™ has no member named â€˜[01m[KgetControllerName[m[Kâ€™
  153 |                 move_group_interface.[01;31m[KgetControllerName[m[K().c_str());
      |                                      [01;31m[K^~~~~~~~~~~~~~~~~[m[K
gmake[2]: *** [CMakeFiles/hello_moveit.dir/build.make:76: CMakeFiles/hello_moveit.dir/src/hello_moveit.cpp.o] Error 1
gmake[1]: *** [CMakeFiles/Makefile2:137: CMakeFiles/hello_moveit.dir/all] Error 2
gmake: *** [Makefile:146: all] Error 2
